<?xml version="1.0" encoding="UTF-8"?>
<!-- Generated by org.testng.reporters.JUnitReportReporter -->
<testsuite hostname="Sainath" failures="0" tests="1" name="tests.UpdateUserTest" time="16.570" errors="0" timestamp="2024-04-26T15:31:12 IST" skipped="0">
  <testcase classname="tests.UpdateUserTest" name="testUpdateUser" time="16.570"/>
  <system-out/>
</testsuite> <!-- tests.UpdateUserTest -->
