<?xml version="1.0" encoding="UTF-8"?>
<!-- Generated by org.testng.reporters.JUnitReportReporter -->
<testsuite hostname="Sainath" failures="0" tests="1" name="tests.FilterUserTest" time="47.305" errors="0" timestamp="2024-04-26T00:49:56 IST" skipped="0">
  <testcase classname="tests.FilterUserTest" name="testFilterUser" time="47.305"/>
  <system-out/>
</testsuite> <!-- tests.FilterUserTest -->
