<?xml version="1.0" encoding="UTF-8"?>
<!-- Generated by org.testng.reporters.JUnitReportReporter -->
<testsuite hostname="Sainath" failures="0" tests="1" name="tests.LoginTest" time="26.587" errors="0" timestamp="2024-04-22T23:27:32 IST" skipped="0">
  <testcase classname="tests.LoginTest" name="testValidLogin" time="26.587"/>
  <system-out/>
</testsuite> <!-- tests.LoginTest -->
