<?xml version="1.0" encoding="UTF-8"?>
<!-- Generated by org.testng.reporters.JUnitReportReporter -->
<testsuite hostname="Sainath" failures="0" tests="2" name="tests.ForgotPassword" time="43.536" errors="0" timestamp="2024-04-22T00:11:25 IST" skipped="0">
  <testcase classname="tests.ForgotPassword" name="cancelForgotPassword" time="31.896"/>
  <system-out/>
  <testcase classname="tests.ForgotPassword" name="resetForgotPassword" time="11.640"/>
  <system-out/>
</testsuite> <!-- tests.ForgotPassword -->
