<?xml version="1.0" encoding="UTF-8"?>
<!-- Generated by org.testng.reporters.JUnitReportReporter -->
<testsuite hostname="Sainath" failures="0" tests="1" name="tests.test" time="0.006" errors="0" timestamp="2024-04-25T18:28:43 IST" skipped="0">
  <testcase classname="tests.test" name="per" time="0.006"/>
  <system-out/>
</testsuite> <!-- tests.test -->
