<?xml version="1.0" encoding="UTF-8"?>
<!-- Generated by org.testng.reporters.JUnitReportReporter -->
<testsuite hostname="Sainath" failures="0" tests="1" name="tests.AddUserTest" time="19.305" errors="0" timestamp="2024-04-25T14:44:29 IST" skipped="0">
  <testcase classname="tests.AddUserTest" name="testCancelAddUser" time="19.305"/>
  <system-out/>
</testsuite> <!-- tests.AddUserTest -->
